# JRE version: Java(TM) SE Runtime Environment (8.0_74-b02) (build 1.8.0_74-b02)
# Java VM: Java HotSpot(TM) 64-Bit Server VM (25.74-b02 mixed mode bsd-amd64 compressed oops)
Heap:
 PSYoungGen      total 253952K, used 103692K [0x00000007aab00000, 0x00000007c0000000, 0x00000007c0000000)
  eden space 160768K, 64% used [0x00000007aab00000,0x00000007b10433d8,0x00000007b4800000)
  from space 93184K, 0% used [0x00000007ba500000,0x00000007ba500000,0x00000007c0000000)
  to   space 94208K, 0% used [0x00000007b4800000,0x00000007b4800000,0x00000007ba400000)
 ParOldGen       total 699392K, used 285806K [0x0000000780000000, 0x00000007aab00000, 0x00000007aab00000)
  object space 699392K, 40% used [0x0000000780000000,0x000000079171bbb8,0x00000007aab00000)
 Metaspace       used 118269K, capacity 119423K, committed 123564K, reserved 1150976K
  class space    used 19810K, capacity 20236K, committed 21420K, reserved 1048576K
GC Heap History (10 events):
Event: 20041.492 GC heap before
{Heap before GC invocations=135 (full 6):
 PSYoungGen      total 252928K, used 167232K [0x00000007aab00000, 0x00000007c0000000, 0x00000007c0000000)
  eden space 152064K, 100% used [0x00000007aab00000,0x00000007b3f80000,0x00000007b3f80000)
  from space 100864K, 15% used [0x00000007b9d80000,0x00000007bac50010,0x00000007c0000000)
  to   space 96256K, 0% used [0x00000007b3f80000,0x00000007b3f80000,0x00000007b9d80000)
 ParOldGen       total 699392K, used 544159K [0x0000000780000000, 0x00000007aab00000, 0x00000007aab00000)
  object space 699392K, 77% used [0x0000000780000000,0x00000007a1367d88,0x00000007aab00000)
 Metaspace       used 118269K, capacity 119423K, committed 123564K, reserved 1150976K
  class space    used 19810K, capacity 20236K, committed 21420K, reserved 1048576K
Event: 20041.683 GC heap after
Heap after GC invocations=135 (full 6):
 PSYoungGen      total 248320K, used 192K [0x00000007aab00000, 0x00000007c0000000, 0x00000007c0000000)
  eden space 152064K, 0% used [0x00000007aab00000,0x00000007aab00000,0x00000007b3f80000)
  from space 96256K, 0% used [0x00000007b3f80000,0x00000007b3fb0000,0x00000007b9d80000)
  to   space 94720K, 0% used [0x00000007ba380000,0x00000007ba380000,0x00000007c0000000)
 ParOldGen       total 699392K, used 559335K [0x0000000780000000, 0x00000007aab00000, 0x00000007aab00000)
  object space 699392K, 79% used [0x0000000780000000,0x00000007a2239d98,0x00000007aab00000)
 Metaspace       used 118269K, capacity 119423K, committed 123564K, reserved 1150976K
  class space    used 19810K, capacity 20236K, committed 21420K, reserved 1048576K
}
Event: 20046.044 GC heap before
{Heap before GC invocations=136 (full 6):
 PSYoungGen      total 248320K, used 152256K [0x00000007aab00000, 0x00000007c0000000, 0x00000007c0000000)
  eden space 152064K, 100% used [0x00000007aab00000,0x00000007b3f80000,0x00000007b3f80000)
  from space 96256K, 0% used [0x00000007b3f80000,0x00000007b3fb0000,0x00000007b9d80000)
  to   space 94720K, 0% used [0x00000007ba380000,0x00000007ba380000,0x00000007c0000000)
 ParOldGen       total 699392K, used 559335K [0x0000000780000000, 0x00000007aab00000, 0x00000007aab00000)
  object space 699392K, 79% used [0x0000000780000000,0x00000007a2239d98,0x00000007aab00000)
 Metaspace       used 118269K, capacity 119423K, committed 123564K, reserved 1150976K
  class space    used 19810K, capacity 20236K, committed 21420K, reserved 1048576K
Event: 20046.162 GC heap after
Heap after GC invocations=136 (full 6):
 PSYoungGen      total 260096K, used 29449K [0x00000007aab00000, 0x00000007c0000000, 0x00000007c0000000)
  eden space 165376K, 0% used [0x00000007aab00000,0x00000007aab00000,0x00000007b4c80000)
  from space 94720K, 31% used [0x00000007ba380000,0x00000007bc042410,0x00000007c0000000)
  to   space 89088K, 0% used [0x00000007b4c80000,0x00000007b4c80000,0x00000007ba380000)
 ParOldGen       total 699392K, used 559351K [0x0000000780000000, 0x00000007aab00000, 0x00000007aab00000)
  object space 699392K, 79% used [0x0000000780000000,0x00000007a223dd98,0x00000007aab00000)
 Metaspace       used 118269K, capacity 119423K, committed 123564K, reserved 1150976K
  class space    used 19810K, capacity 20236K, committed 21420K, reserved 1048576K
}
Event: 20048.247 GC heap before
{Heap before GC invocations=137 (full 6):
 PSYoungGen      total 260096K, used 194825K [0x00000007aab00000, 0x00000007c0000000, 0x00000007c0000000)
  eden space 165376K, 100% used [0x00000007aab00000,0x00000007b4c80000,0x00000007b4c80000)
  from space 94720K, 31% used [0x00000007ba380000,0x00000007bc042410,0x00000007c0000000)
  to   space 89088K, 0% used [0x00000007b4c80000,0x00000007b4c80000,0x00000007ba380000)
 ParOldGen       total 699392K, used 559351K [0x0000000780000000, 0x00000007aab00000, 0x00000007aab00000)
  object space 699392K, 79% used [0x0000000780000000,0x00000007a223dd98,0x00000007aab00000)
 Metaspace       used 118269K, capacity 119423K, committed 123564K, reserved 1150976K
  class space    used 19810K, capacity 20236K, committed 21420K, reserved 1048576K
Event: 20048.763 GC heap after
Heap after GC invocations=137 (full 6):
 PSYoungGen      total 254464K, used 55177K [0x00000007aab00000, 0x00000007c0000000, 0x00000007c0000000)
  eden space 165376K, 0% used [0x00000007aab00000,0x00000007aab00000,0x00000007b4c80000)
  from space 89088K, 61% used [0x00000007b4c80000,0x00000007b8262430,0x00000007ba380000)
  to   space 93184K, 0% used [0x00000007ba500000,0x00000007ba500000,0x00000007c0000000)
 ParOldGen       total 699392K, used 588563K [0x0000000780000000, 0x00000007aab00000, 0x00000007aab00000)
  object space 699392K, 84% used [0x0000000780000000,0x00000007a3ec4fa8,0x00000007aab00000)
 Metaspace       used 118269K, capacity 119423K, committed 123564K, reserved 1150976K
  class space    used 19810K, capacity 20236K, committed 21420K, reserved 1048576K
}
Event: 20049.835 GC heap before
{Heap before GC invocations=138 (full 6):
 PSYoungGen      total 254464K, used 220553K [0x00000007aab00000, 0x00000007c0000000, 0x00000007c0000000)
  eden space 165376K, 100% used [0x00000007aab00000,0x00000007b4c80000,0x00000007b4c80000)
  from space 89088K, 61% used [0x00000007b4c80000,0x00000007b8262430,0x00000007ba380000)
  to   space 93184K, 0% used [0x00000007ba500000,0x00000007ba500000,0x00000007c0000000)
 ParOldGen       total 699392K, used 588563K [0x0000000780000000, 0x00000007aab00000, 0x00000007aab00000)
  object space 699392K, 84% used [0x0000000780000000,0x00000007a3ec4fa8,0x00000007aab00000)
 Metaspace       used 118269K, capacity 119423K, committed 123564K, reserved 1150976K
  class space    used 19810K, capacity 20236K, committed 21420K, reserved 1048576K
Event: 20050.355 GC heap after
Heap after GC invocations=138 (full 6):
 PSYoungGen      total 253952K, used 49184K [0x00000007aab00000, 0x00000007c0000000, 0x00000007c0000000)
  eden space 160768K, 0% used [0x00000007aab00000,0x00000007aab00000,0x00000007b4800000)
  from space 93184K, 52% used [0x00000007ba500000,0x00000007bd508000,0x00000007c0000000)
  to   space 94208K, 0% used [0x00000007b4800000,0x00000007b4800000,0x00000007ba400000)
 ParOldGen       total 699392K, used 644596K [0x0000000780000000, 0x00000007aab00000, 0x00000007aab00000)
  object space 699392K, 92% used [0x0000000780000000,0x00000007a757d3d8,0x00000007aab00000)
 Metaspace       used 118269K, capacity 119423K, committed 123564K, reserved 1150976K
  class space    used 19810K, capacity 20236K, committed 21420K, reserved 1048576K
}
Event: 20050.355 GC heap before
{Heap before GC invocations=139 (full 7):
 PSYoungGen      total 253952K, used 49184K [0x00000007aab00000, 0x00000007c0000000, 0x00000007c0000000)
  eden space 160768K, 0% used [0x00000007aab00000,0x00000007aab00000,0x00000007b4800000)
  from space 93184K, 52% used [0x00000007ba500000,0x00000007bd508000,0x00000007c0000000)
  to   space 94208K, 0% used [0x00000007b4800000,0x00000007b4800000,0x00000007ba400000)
 ParOldGen       total 699392K, used 644596K [0x0000000780000000, 0x00000007aab00000, 0x00000007aab00000)
  object space 699392K, 92% used [0x0000000780000000,0x00000007a757d3d8,0x00000007aab00000)
 Metaspace       used 118269K, capacity 119423K, committed 123564K, reserved 1150976K
  class space    used 19810K, capacity 20236K, committed 21420K, reserved 1048576K
Event: 20057.252 GC heap after
Heap after GC invocations=139 (full 7):
 PSYoungGen      total 253952K, used 0K [0x00000007aab00000, 0x00000007c0000000, 0x00000007c0000000)
  eden space 160768K, 0% used [0x00000007aab00000,0x00000007aab00000,0x00000007b4800000)
  from space 93184K, 0% used [0x00000007ba500000,0x00000007ba500000,0x00000007c0000000)
  to   space 94208K, 0% used [0x00000007b4800000,0x00000007b4800000,0x00000007ba400000)
 ParOldGen       total 699392K, used 285806K [0x0000000780000000, 0x00000007aab00000, 0x00000007aab00000)
  object space 699392K, 40% used [0x0000000780000000,0x000000079171bbb8,0x00000007aab00000)
 Metaspace       used 118269K, capacity 119423K, committed 123564K, reserved 1150976K
  class space    used 19810K, capacity 20236K, committed 21420K, reserved 1048576K
}

